Arguments: 
  /usr/bin/node /usr/share/yarn/bin/yarn.js install

PATH: 
  /home/eguneys/.yarn/bin:/home/eguneys/.npm-global/bin:/usr/local/sbin:/usr/local/bin:/usr/bin:/home/eguneys/bin:/home/eguneys/.yarn/bin:/home/eguneys/.npm-global/bin:/usr/local/sbin:/usr/local/bin:/usr/bin:/home/eguneys/bin:/usr/local/sbin:/usr/local/bin:/usr/sbin:/usr/bin:/sbin:/bin:/usr/games:/usr/local/games:/snap/bin:/home/eguneys/gems/bin:/home/eguneys/.rvm/bin:/home/eguneys/fp/scala/learn/activator-dist-1.3.6:/home/eguneys/bin:/home/eguneys/gems/bin:/home/eguneys/.rvm/bin:/home/eguneys/fp/scala/learn/activator-dist-1.3.6:/home/eguneys/bin

Yarn version: 
  1.16.0

Node version: 
  8.16.0

Platform: 
  linux x64

Trace: 
  SyntaxError: /home/eguneys/js/pokerground/package.json: Unexpected token } in JSON at position 393
      at JSON.parse (<anonymous>)
      at /usr/share/yarn/lib/cli.js:1625:59
      at Generator.next (<anonymous>)
      at step (/usr/share/yarn/lib/cli.js:304:30)
      at /usr/share/yarn/lib/cli.js:315:13
      at <anonymous>

npm manifest: 
  {
    "name": "pokerground",
    "version": "1.0.2",
    "main": "dist/app/bundle.js",
    "license": "MIT",
    "scripts": {
      "start": "webpack-dev-server --port=3000 --mode=development",
      "build": "webpack --config webpack.config.js --env=production",
      "build-dev": "webpack --config webpack.config.js"
    },
    "dependencies": {
      "@tweenjs/tween.js": "^17.2.0",
      "snabbdom": "^0.7.2",
    },
    "devDependencies": {
      "@babel/core": "^7.1.6",
      "@babel/preset-env": "^7.1.6",
      "babel-core": "^6.26.3",
      "babel-loader": "^8.0.4",
      "css-loader": "^1.0.1",
      "html-webpack-plugin": "^4.0.0-beta.4",
      "style-loader": "^0.23.1",
      "webpack": "^4.26.1",
      "webpack-cli": "^3.1.2",
      "webpack-dev-server": "^3.1.10"
    }
  }

yarn manifest: 
  No manifest

Lockfile: 
  No lockfile
